[2026-05-03 03:33:40.649] [SUCCESS] [DiscordBot] База данных успешно инициализирована из schema.sql
[2026-05-03 03:33:40.651] [SUCCESS] [DiscordBot] Модуль базы данных полностью загружен и готов к работе
[2026-05-03 03:33:40.673] [INFO] [DiscordBot] ╔══════════════════════════════════════════╗
[2026-05-03 03:33:40.673] [INFO] [DiscordBot] ║  DISCORD BOT — RESISTANCE CITY v5.0.0   ║
[2026-05-03 03:33:40.673] [INFO] [DiscordBot] ╚══════════════════════════════════════════╝
[2026-05-03 03:33:40.684] [SUCCESS] [DiscordBot] Загружено 9 команд
[2026-05-03 03:33:40.710] [INFO] [DiscordBot] Получено init-сообщение от оркестратора
[2026-05-03 03:33:41.698] [INFO] [DiscordBot] Подключение к Discord API...
[2026-05-03 03:33:41.819] [SUCCESS] [DiscordBot] Discord бот Resistance#3415 запущен!
[2026-05-03 03:33:41.820] [INFO] [DiscordBot] Серверов: 2
[2026-05-03 03:33:41.820] [INFO] [DiscordBot] Пользователей: 13
[2026-05-03 03:33:41.821] [INFO] [DiscordBot] Регистрация 9 слеш-команд...
[2026-05-03 03:33:42.036] [SUCCESS] [DiscordBot] Команды зарегистрированы для сервера 1466550097205792768
[2026-05-03 03:33:42.036] [SUCCESS] [DiscordBot] Периодические задачи Discord запущены
[2026-05-03 03:44:55.342] [SUCCESS] [DiscordBot] База данных успешно инициализирована из schema.sql
[2026-05-03 03:44:55.344] [SUCCESS] [DiscordBot] Модуль базы данных полностью загружен и готов к работе
[2026-05-03 03:44:55.363] [INFO] [DiscordBot] ╔══════════════════════════════════════════╗
[2026-05-03 03:44:55.364] [INFO] [DiscordBot] ║  DISCORD BOT — RESISTANCE CITY v5.0.0   ║
[2026-05-03 03:44:55.364] [INFO] [DiscordBot] ╚══════════════════════════════════════════╝
[2026-05-03 03:44:55.368] [SUCCESS] [DiscordBot] Загружено 9 команд
[2026-05-03 03:44:55.394] [INFO] [DiscordBot] Получено init-сообщение от оркестратора
[2026-05-03 03:44:56.367] [INFO] [DiscordBot] Подключение к Discord API...
[2026-05-03 03:44:56.493] [SUCCESS] [DiscordBot] Discord бот Resistance#3415 запущен!
[2026-05-03 03:44:56.494] [INFO] [DiscordBot] Серверов: 2
[2026-05-03 03:44:56.494] [INFO] [DiscordBot] Пользователей: 13
[2026-05-03 03:44:56.495] [INFO] [DiscordBot] Регистрация 9 слеш-команд...
[2026-05-03 03:44:56.726] [SUCCESS] [DiscordBot] Команды зарегистрированы для сервера 1466550097205792768
[2026-05-03 03:44:56.727] [SUCCESS] [DiscordBot] Периодические задачи Discord запущены
[2026-05-03 03:50:09.370] [SUCCESS] [DiscordBot] База данных успешно инициализирована из schema.sql
[2026-05-03 03:50:09.372] [SUCCESS] [DiscordBot] Модуль базы данных полностью загружен и готов к работе
[2026-05-03 03:50:09.393] [INFO] [DiscordBot] ╔══════════════════════════════════════════╗
[2026-05-03 03:50:09.394] [INFO] [DiscordBot] ║  DISCORD BOT — RESISTANCE CITY v5.0.0   ║
[2026-05-03 03:50:09.394] [INFO] [DiscordBot] ╚══════════════════════════════════════════╝
[2026-05-03 03:50:09.397] [SUCCESS] [DiscordBot] Загружено 9 команд
[2026-05-03 03:50:09.425] [INFO] [DiscordBot] Получено init-сообщение от оркестратора
[2026-05-03 03:50:10.230] [INFO] [DiscordBot] Подключение к Discord API...
[2026-05-03 03:50:10.361] [SUCCESS] [DiscordBot] Discord бот Resistance#3415 запущен!
[2026-05-03 03:50:10.362] [INFO] [DiscordBot] Серверов: 2
[2026-05-03 03:50:10.362] [INFO] [DiscordBot] Пользователей: 13
[2026-05-03 03:50:10.363] [INFO] [DiscordBot] Регистрация 9 слеш-команд...
[2026-05-03 03:50:10.584] [SUCCESS] [DiscordBot] Команды зарегистрированы для сервера 1466550097205792768
[2026-05-03 03:50:10.585] [SUCCESS] [DiscordBot] Периодические задачи Discord запущены
[2026-05-03 03:51:58.342] [SUCCESS] [DiscordBot] База данных успешно инициализирована из schema.sql
[2026-05-03 03:51:58.344] [SUCCESS] [DiscordBot] Модуль базы данных полностью загружен и готов к работе
[2026-05-03 03:51:58.366] [INFO] [DiscordBot] ╔══════════════════════════════════════════╗
[2026-05-03 03:51:58.367] [INFO] [DiscordBot] ║  DISCORD BOT — RESISTANCE CITY v5.0.0   ║
[2026-05-03 03:51:58.367] [INFO] [DiscordBot] ╚══════════════════════════════════════════╝
[2026-05-03 03:51:58.371] [SUCCESS] [DiscordBot] Загружено 9 команд
[2026-05-03 03:51:58.396] [INFO] [DiscordBot] Получено init-сообщение от оркестратора
[2026-05-03 03:51:59.977] [INFO] [DiscordBot] Подключение к Discord API...
[2026-05-03 03:52:00.107] [SUCCESS] [DiscordBot] Discord бот Resistance#3415 запущен!
[2026-05-03 03:52:00.107] [INFO] [DiscordBot] Серверов: 2
[2026-05-03 03:52:00.108] [INFO] [DiscordBot] Пользователей: 13
[2026-05-03 03:52:00.108] [INFO] [DiscordBot] Регистрация 9 слеш-команд...
[2026-05-03 03:52:00.318] [SUCCESS] [DiscordBot] Команды зарегистрированы для сервера 1466550097205792768
[2026-05-03 03:52:00.318] [SUCCESS] [DiscordBot] Периодические задачи Discord запущены
[2026-05-03 03:53:58.468] [SUCCESS] [DiscordBot] База данных успешно инициализирована из schema.sql
[2026-05-03 03:53:58.469] [SUCCESS] [DiscordBot] Модуль базы данных полностью загружен и готов к работе
[2026-05-03 03:53:58.490] [INFO] [DiscordBot] ╔══════════════════════════════════════════╗
[2026-05-03 03:53:58.491] [INFO] [DiscordBot] ║  DISCORD BOT — RESISTANCE CITY v5.0.0   ║
[2026-05-03 03:53:58.491] [INFO] [DiscordBot] ╚══════════════════════════════════════════╝
[2026-05-03 03:53:58.494] [SUCCESS] [DiscordBot] Загружено 9 команд
[2026-05-03 03:53:58.519] [INFO] [DiscordBot] Получено init-сообщение от оркестратора
[2026-05-03 03:53:59.486] [INFO] [DiscordBot] Подключение к Discord API...
[2026-05-03 03:53:59.658] [SUCCESS] [DiscordBot] Discord бот Resistance#3415 запущен!
[2026-05-03 03:53:59.659] [INFO] [DiscordBot] Серверов: 2
[2026-05-03 03:53:59.659] [INFO] [DiscordBot] Пользователей: 13
[2026-05-03 03:53:59.660] [INFO] [DiscordBot] Регистрация 9 слеш-команд...
[2026-05-03 03:53:59.859] [SUCCESS] [DiscordBot] Команды зарегистрированы для сервера 1466550097205792768
[2026-05-03 03:53:59.859] [SUCCESS] [DiscordBot] Периодические задачи Discord запущены
[2026-05-03 03:55:59.027] [SUCCESS] [DiscordBot] База данных успешно инициализирована из schema.sql
[2026-05-03 03:55:59.029] [SUCCESS] [DiscordBot] Модуль базы данных полностью загружен и готов к работе
[2026-05-03 03:55:59.049] [INFO] [DiscordBot] ╔══════════════════════════════════════════╗
[2026-05-03 03:55:59.049] [INFO] [DiscordBot] ║  DISCORD BOT — RESISTANCE CITY v5.0.0   ║
[2026-05-03 03:55:59.049] [INFO] [DiscordBot] ╚══════════════════════════════════════════╝
[2026-05-03 03:55:59.053] [SUCCESS] [DiscordBot] Загружено 9 команд
[2026-05-03 03:55:59.078] [INFO] [DiscordBot] Получено init-сообщение от оркестратора
[2026-05-03 03:55:59.941] [INFO] [DiscordBot] Подключение к Discord API...
[2026-05-03 03:56:00.062] [SUCCESS] [DiscordBot] Discord бот Resistance#3415 запущен!
[2026-05-03 03:56:00.062] [INFO] [DiscordBot] Серверов: 2
[2026-05-03 03:56:00.063] [INFO] [DiscordBot] Пользователей: 13
[2026-05-03 03:56:00.063] [INFO] [DiscordBot] Регистрация 9 слеш-команд...
[2026-05-03 03:56:00.271] [SUCCESS] [DiscordBot] Команды зарегистрированы для сервера 1466550097205792768
[2026-05-03 03:56:00.272] [SUCCESS] [DiscordBot] Периодические задачи Discord запущены
[2026-05-03 03:58:04.458] [SUCCESS] [DiscordBot] База данных успешно инициализирована из schema.sql
[2026-05-03 03:58:04.460] [SUCCESS] [DiscordBot] Модуль базы данных полностью загружен и готов к работе
[2026-05-03 03:58:04.482] [INFO] [DiscordBot] ╔══════════════════════════════════════════╗
[2026-05-03 03:58:04.482] [INFO] [DiscordBot] ║  DISCORD BOT — RESISTANCE CITY v5.0.0   ║
[2026-05-03 03:58:04.483] [INFO] [DiscordBot] ╚══════════════════════════════════════════╝
[2026-05-03 03:58:04.486] [SUCCESS] [DiscordBot] Загружено 9 команд
[2026-05-03 03:58:04.513] [INFO] [DiscordBot] Получено init-сообщение от оркестратора
[2026-05-03 03:58:05.362] [INFO] [DiscordBot] Подключение к Discord API...
[2026-05-03 03:58:05.572] [SUCCESS] [DiscordBot] Discord бот Resistance#3415 запущен!
[2026-05-03 03:58:05.572] [INFO] [DiscordBot] Серверов: 2
[2026-05-03 03:58:05.572] [INFO] [DiscordBot] Пользователей: 13
[2026-05-03 03:58:05.573] [INFO] [DiscordBot] Регистрация 9 слеш-команд...
[2026-05-03 03:58:05.780] [SUCCESS] [DiscordBot] Команды зарегистрированы для сервера 1466550097205792768
[2026-05-03 03:58:05.780] [SUCCESS] [DiscordBot] Периодические задачи Discord запущены
[2026-05-03 04:14:16.654] [SUCCESS] [DiscordBot] База данных успешно инициализирована из schema.sql
[2026-05-03 04:14:16.655] [SUCCESS] [DiscordBot] Модуль базы данных полностью загружен и готов к работе
[2026-05-03 04:14:16.676] [INFO] [DiscordBot] ╔══════════════════════════════════════════╗
[2026-05-03 04:14:16.677] [INFO] [DiscordBot] ║  DISCORD BOT — RESISTANCE CITY v5.0.0   ║
[2026-05-03 04:14:16.677] [INFO] [DiscordBot] ╚══════════════════════════════════════════╝
[2026-05-03 04:14:16.681] [SUCCESS] [DiscordBot] Загружено 9 команд
[2026-05-03 04:14:16.711] [INFO] [DiscordBot] Получено init-сообщение от оркестратора
[2026-05-03 04:14:17.533] [INFO] [DiscordBot] Подключение к Discord API...
[2026-05-03 04:14:17.835] [SUCCESS] [DiscordBot] Discord бот Resistance#3415 запущен!
[2026-05-03 04:14:17.835] [INFO] [DiscordBot] Серверов: 2
[2026-05-03 04:14:17.836] [INFO] [DiscordBot] Пользователей: 13
[2026-05-03 04:14:17.837] [INFO] [DiscordBot] Регистрация 9 слеш-команд...
[2026-05-03 04:14:18.044] [SUCCESS] [DiscordBot] Команды зарегистрированы для сервера 1466550097205792768
[2026-05-03 04:14:18.044] [SUCCESS] [DiscordBot] Периодические задачи Discord запущены
