[2026-05-04 06:35:37.569] [SUCCESS] [DiscordBot] База данных успешно инициализирована из schema.sql
[2026-05-04 06:35:37.571] [SUCCESS] [DiscordBot] Модуль базы данных полностью загружен и готов к работе
[2026-05-04 06:35:37.606] [INFO] [DiscordBot] ╔══════════════════════════════════════════╗
[2026-05-04 06:35:37.606] [INFO] [DiscordBot] ║  DISCORD BOT — RESISTANCE CITY v5.0.0   ║
[2026-05-04 06:35:37.606] [INFO] [DiscordBot] ╚══════════════════════════════════════════╝
[2026-05-04 06:35:37.610] [SUCCESS] [DiscordBot] Загружено 9 команд
[2026-05-04 06:35:37.635] [INFO] [DiscordBot] Получено init-сообщение от оркестратора
[2026-05-04 06:35:38.527] [INFO] [DiscordBot] Подключение к Discord API...
[2026-05-04 06:35:38.655] [SUCCESS] [DiscordBot] Discord бот Resistance#3415 запущен!
[2026-05-04 06:35:38.655] [INFO] [DiscordBot] Серверов: 2
[2026-05-04 06:35:38.656] [INFO] [DiscordBot] Пользователей: 13
[2026-05-04 06:35:38.657] [INFO] [DiscordBot] Регистрация 9 слеш-команд...
[2026-05-04 06:35:38.867] [SUCCESS] [DiscordBot] Команды зарегистрированы для сервера 1466550097205792768
[2026-05-04 06:35:38.868] [SUCCESS] [DiscordBot] Периодические задачи Discord запущены
[2026-05-04 06:40:44.679] [SUCCESS] [DiscordBot] База данных успешно инициализирована из schema.sql
[2026-05-04 06:40:44.681] [SUCCESS] [DiscordBot] Модуль базы данных полностью загружен и готов к работе
[2026-05-04 06:40:44.701] [INFO] [DiscordBot] ╔══════════════════════════════════════════╗
[2026-05-04 06:40:44.701] [INFO] [DiscordBot] ║  DISCORD BOT — RESISTANCE CITY v5.0.0   ║
[2026-05-04 06:40:44.701] [INFO] [DiscordBot] ╚══════════════════════════════════════════╝
[2026-05-04 06:40:44.705] [SUCCESS] [DiscordBot] Загружено 9 команд
[2026-05-04 06:40:44.738] [INFO] [DiscordBot] Получено init-сообщение от оркестратора
[2026-05-04 06:40:45.593] [INFO] [DiscordBot] Подключение к Discord API...
[2026-05-04 06:40:45.710] [SUCCESS] [DiscordBot] Discord бот Resistance#3415 запущен!
[2026-05-04 06:40:45.711] [INFO] [DiscordBot] Серверов: 2
[2026-05-04 06:40:45.711] [INFO] [DiscordBot] Пользователей: 13
[2026-05-04 06:40:45.712] [INFO] [DiscordBot] Регистрация 9 слеш-команд...
[2026-05-04 06:40:45.921] [SUCCESS] [DiscordBot] Команды зарегистрированы для сервера 1466550097205792768
[2026-05-04 06:40:45.922] [SUCCESS] [DiscordBot] Периодические задачи Discord запущены
[2026-05-04 06:42:53.380] [SUCCESS] [DiscordBot] База данных успешно инициализирована из schema.sql
[2026-05-04 06:42:53.382] [SUCCESS] [DiscordBot] Модуль базы данных полностью загружен и готов к работе
[2026-05-04 06:42:53.403] [INFO] [DiscordBot] ╔══════════════════════════════════════════╗
[2026-05-04 06:42:53.403] [INFO] [DiscordBot] ║  DISCORD BOT — RESISTANCE CITY v5.0.0   ║
[2026-05-04 06:42:53.403] [INFO] [DiscordBot] ╚══════════════════════════════════════════╝
[2026-05-04 06:42:53.407] [SUCCESS] [DiscordBot] Загружено 9 команд
[2026-05-04 06:42:53.432] [INFO] [DiscordBot] Получено init-сообщение от оркестратора
[2026-05-04 06:42:54.256] [INFO] [DiscordBot] Подключение к Discord API...
[2026-05-04 06:42:54.408] [SUCCESS] [DiscordBot] Discord бот Resistance#3415 запущен!
[2026-05-04 06:42:54.409] [INFO] [DiscordBot] Серверов: 2
[2026-05-04 06:42:54.409] [INFO] [DiscordBot] Пользователей: 13
[2026-05-04 06:42:54.410] [INFO] [DiscordBot] Регистрация 9 слеш-команд...
[2026-05-04 06:42:54.637] [SUCCESS] [DiscordBot] Команды зарегистрированы для сервера 1466550097205792768
[2026-05-04 06:42:54.638] [SUCCESS] [DiscordBot] Периодические задачи Discord запущены
[2026-05-04 06:44:19.330] [SUCCESS] [DiscordBot] База данных успешно инициализирована из schema.sql
[2026-05-04 06:44:19.332] [SUCCESS] [DiscordBot] Модуль базы данных полностью загружен и готов к работе
[2026-05-04 06:44:19.353] [INFO] [DiscordBot] ╔══════════════════════════════════════════╗
[2026-05-04 06:44:19.353] [INFO] [DiscordBot] ║  DISCORD BOT — RESISTANCE CITY v5.0.0   ║
[2026-05-04 06:44:19.354] [INFO] [DiscordBot] ╚══════════════════════════════════════════╝
[2026-05-04 06:44:19.358] [SUCCESS] [DiscordBot] Загружено 9 команд
[2026-05-04 06:44:19.384] [INFO] [DiscordBot] Получено init-сообщение от оркестратора
[2026-05-04 06:44:20.274] [INFO] [DiscordBot] Подключение к Discord API...
[2026-05-04 06:44:20.428] [SUCCESS] [DiscordBot] Discord бот Resistance#3415 запущен!
[2026-05-04 06:44:20.428] [INFO] [DiscordBot] Серверов: 2
[2026-05-04 06:44:20.429] [INFO] [DiscordBot] Пользователей: 13
[2026-05-04 06:44:20.429] [INFO] [DiscordBot] Регистрация 9 слеш-команд...
[2026-05-04 06:44:20.692] [SUCCESS] [DiscordBot] Команды зарегистрированы для сервера 1466550097205792768
[2026-05-04 06:44:20.693] [SUCCESS] [DiscordBot] Периодические задачи Discord запущены
[2026-05-04 06:49:36.642] [SUCCESS] [DiscordBot] База данных успешно инициализирована из schema.sql
[2026-05-04 06:49:36.644] [SUCCESS] [DiscordBot] Модуль базы данных полностью загружен и готов к работе
[2026-05-04 06:49:36.665] [INFO] [DiscordBot] ╔══════════════════════════════════════════╗
[2026-05-04 06:49:36.666] [INFO] [DiscordBot] ║  DISCORD BOT — RESISTANCE CITY v5.0.0   ║
[2026-05-04 06:49:36.666] [INFO] [DiscordBot] ╚══════════════════════════════════════════╝
[2026-05-04 06:49:36.670] [SUCCESS] [DiscordBot] Загружено 9 команд
[2026-05-04 06:49:36.696] [INFO] [DiscordBot] Получено init-сообщение от оркестратора
[2026-05-04 06:49:37.682] [INFO] [DiscordBot] Подключение к Discord API...
[2026-05-04 06:49:37.906] [SUCCESS] [DiscordBot] Discord бот Resistance#3415 запущен!
[2026-05-04 06:49:37.907] [INFO] [DiscordBot] Серверов: 2
[2026-05-04 06:49:37.907] [INFO] [DiscordBot] Пользователей: 13
[2026-05-04 06:49:37.908] [INFO] [DiscordBot] Регистрация 9 слеш-команд...
[2026-05-04 06:49:38.124] [SUCCESS] [DiscordBot] Команды зарегистрированы для сервера 1466550097205792768
[2026-05-04 06:49:38.125] [SUCCESS] [DiscordBot] Периодические задачи Discord запущены
