[2026-05-03 00:00:12.619] [INFO] [MinecraftBot] Сброшены дневные лимиты персонала
[2026-05-03 00:00:12.619] [INFO] [MinecraftBot] Сброс дневных лимитов персонала
[2026-05-03 00:00:14.650] [INFO] [MinecraftBot] Сброс дневных лимитов персонала
[2026-05-03 00:34:11.146] [WARN] [MinecraftBot] PayDay: бот не подключён, пропускаем
[2026-05-03 00:34:11.146] [WARN] [MinecraftBot] RegionChecker: бот не подключён, проверка отложена
[2026-05-03 00:34:13.233] [WARN] [MinecraftBot] PayDay: бот не подключён, пропускаем
[2026-05-03 00:34:13.240] [WARN] [MinecraftBot] RegionChecker: бот не подключён, проверка отложена
[2026-05-03 01:34:11.157] [WARN] [MinecraftBot] PayDay: бот не подключён, пропускаем
[2026-05-03 01:34:11.158] [WARN] [MinecraftBot] RegionChecker: бот не подключён, проверка отложена
[2026-05-03 01:34:13.243] [WARN] [MinecraftBot] PayDay: бот не подключён, пропускаем
[2026-05-03 01:34:13.243] [WARN] [MinecraftBot] RegionChecker: бот не подключён, проверка отложена
[2026-05-03 02:34:11.172] [WARN] [MinecraftBot] PayDay: бот не подключён, пропускаем
[2026-05-03 02:34:11.173] [WARN] [MinecraftBot] RegionChecker: бот не подключён, проверка отложена
[2026-05-03 02:34:13.244] [WARN] [MinecraftBot] PayDay: бот не подключён, пропускаем
[2026-05-03 02:34:13.244] [WARN] [MinecraftBot] RegionChecker: бот не подключён, проверка отложена
[2026-05-03 03:33:42.601] [SUCCESS] [MinecraftBot] База данных успешно инициализирована из schema.sql
[2026-05-03 03:33:42.602] [SUCCESS] [MinecraftBot] Модуль базы данных полностью загружен и готов к работе
[2026-05-03 03:33:42.604] [INFO] [MinecraftBot] ╔══════════════════════════════════════════╗
[2026-05-03 03:33:42.604] [INFO] [MinecraftBot] ║  MINECRAFT BOT — RESISTANCE CITY v5.0.0 ║
[2026-05-03 03:33:42.605] [INFO] [MinecraftBot] ╚══════════════════════════════════════════╝
[2026-05-03 03:33:42.605] [INFO] [MinecraftBot] Сервер: ru.dexland.org:25565
[2026-05-03 03:33:42.605] [INFO] [MinecraftBot] Основной бот: YT_FLATT807
[2026-05-03 03:33:42.606] [INFO] [MinecraftBot] Резервный бот: xxx_toper_xxx
[2026-05-03 03:33:42.606] [INFO] [MinecraftBot] Прокси: выключен
[2026-05-03 03:33:42.606] [INFO] [MinecraftBot] Инициализация основного бота: YT_FLATT807
[2026-05-03 03:33:42.629] [INFO] [MinecraftBot] Получено init-сообщение от оркестратора: {"type":"init","processName":"MinecraftBot","timestamp":"2026-05-03T00:33:42.343Z"}
[2026-05-03 03:33:42.760] [WARN] [MinecraftBot] Основной бот отключён: socketClosed
[2026-05-03 03:33:42.761] [INFO] [MinecraftBot] Планирование переподключения основного бота через 30с (попытка 1/20)
[2026-05-03 03:33:42.762] [WARN] [MinecraftBot] Основной бот кикнут: {"extra":[{"text":"Игрок с таким ником уже онлайн"}],"text":""}
[2026-05-03 03:33:42.763] [INFO] [MinecraftBot] Планирование переподключения основного бота через 30с (попытка 2/20)
[2026-05-03 03:34:12.765] [INFO] [MinecraftBot] Инициализация основного бота: YT_FLATT807
[2026-05-03 03:34:12.767] [INFO] [MinecraftBot] Инициализация основного бота: YT_FLATT807
[2026-05-03 03:34:12.891] [SUCCESS] [MinecraftBot] Основной бот YT_FLATT807 авторизован на сервере
[2026-05-03 03:34:13.131] [SUCCESS] [MinecraftBot] Все обработчики инициализированы
[2026-05-03 03:34:13.132] [SUCCESS] [MinecraftBot] Периодические задачи модерации запущены
[2026-05-03 03:34:13.132] [SUCCESS] [MinecraftBot] Модуль модерации инициализирован
[2026-05-03 03:34:13.134] [WARN] [MinecraftBot] Основной бот отключён: socketClosed
[2026-05-03 03:34:13.135] [INFO] [MinecraftBot] Планирование переподключения основного бота через 30с (попытка 1/20)
[2026-05-03 03:34:13.136] [WARN] [MinecraftBot] Основной бот кикнут: {"extra":[{"color":"red","text":"Вы уже подключены к этому прокси!"}],"text":""}
[2026-05-03 03:34:13.136] [INFO] [MinecraftBot] Планирование переподключения основного бота через 30с (попытка 2/20)
[2026-05-03 03:34:13.147] [INFO] [MinecraftBot] Основной бот появился в мире
[2026-05-03 03:34:14.898] [INFO] [MinecraftBot] Основной бот: выполняем вход...
[2026-05-03 03:34:15.224] [SUCCESS] [MinecraftBot] Основной бот YT_FLATT807 авторизован на сервере
[2026-05-03 03:34:15.224] [SUCCESS] [MinecraftBot] Все обработчики инициализированы
[2026-05-03 03:34:15.286] [INFO] [MinecraftBot] Основной бот появился в мире
[2026-05-03 03:34:17.239] [INFO] [MinecraftBot] Основной бот: выполняем вход...
[2026-05-03 03:34:17.901] [INFO] [MinecraftBot] Основной бот: подключаемся к серверу клана...
[2026-05-03 03:34:20.236] [INFO] [MinecraftBot] Основной бот: подключаемся к серверу клана...
[2026-05-03 03:34:30.695] [INFO] [MinecraftBot] ЗАЯВКА ОТ: Ronch_ — ПРИНИМАЕМ МГНОВЕННО!
[2026-05-03 03:34:30.718] [INFO] [MinecraftBot] ВОШЁЛ В КЛАН: Ronch_
[2026-05-03 03:34:43.140] [WARN] [MinecraftBot] Основной бот уже активен, пропускаем инициализацию
[2026-05-03 03:34:43.141] [WARN] [MinecraftBot] Основной бот уже активен, пропускаем инициализацию
[2026-05-03 03:34:55.100] [WARN] [MinecraftBot] commandProcessor не инициализирован
[2026-05-03 03:44:57.296] [SUCCESS] [MinecraftBot] База данных успешно инициализирована из schema.sql
[2026-05-03 03:44:57.298] [SUCCESS] [MinecraftBot] Модуль базы данных полностью загружен и готов к работе
[2026-05-03 03:44:57.299] [INFO] [MinecraftBot] ╔══════════════════════════════════════════╗
[2026-05-03 03:44:57.300] [INFO] [MinecraftBot] ║  MINECRAFT BOT — RESISTANCE CITY v5.0.0 ║
[2026-05-03 03:44:57.300] [INFO] [MinecraftBot] ╚══════════════════════════════════════════╝
[2026-05-03 03:44:57.300] [INFO] [MinecraftBot] Сервер: ru.dexland.org:25565
[2026-05-03 03:44:57.301] [INFO] [MinecraftBot] Основной бот: YT_FLATT807
[2026-05-03 03:44:57.301] [INFO] [MinecraftBot] Резервный бот: xxx_toper_xxx
[2026-05-03 03:44:57.301] [INFO] [MinecraftBot] Прокси: выключен
[2026-05-03 03:44:57.302] [INFO] [MinecraftBot] Инициализация основного бота: YT_FLATT807
[2026-05-03 03:44:57.360] [INFO] [MinecraftBot] Получено init-сообщение от оркестратора: {"type":"init","processName":"MinecraftBot","timestamp":"2026-05-03T00:44:57.062Z"}
[2026-05-03 03:44:57.500] [SUCCESS] [MinecraftBot] Основной бот YT_FLATT807 авторизован на сервере
[2026-05-03 03:44:57.732] [SUCCESS] [MinecraftBot] Все обработчики инициализированы
[2026-05-03 03:44:57.733] [SUCCESS] [MinecraftBot] Периодические задачи модерации запущены
[2026-05-03 03:44:57.733] [SUCCESS] [MinecraftBot] Модуль модерации инициализирован
[2026-05-03 03:44:57.747] [INFO] [MinecraftBot] Основной бот появился в мире
[2026-05-03 03:44:59.508] [INFO] [MinecraftBot] Основной бот: выполняем вход...
[2026-05-03 03:44:59.910] [SUCCESS] [MinecraftBot] Основной бот YT_FLATT807 авторизован на сервере
[2026-05-03 03:44:59.911] [SUCCESS] [MinecraftBot] Все обработчики инициализированы
[2026-05-03 03:44:59.958] [INFO] [MinecraftBot] Основной бот появился в мире
[2026-05-03 03:45:01.918] [INFO] [MinecraftBot] Основной бот: выполняем вход...
[2026-05-03 03:45:02.505] [INFO] [MinecraftBot] Основной бот: подключаемся к серверу клана...
[2026-05-03 03:45:04.922] [INFO] [MinecraftBot] Основной бот: подключаемся к серверу клана...
[2026-05-03 03:45:09.053] [INFO] [MinecraftBot] ВЫШЕЛ ИЗ КЛАНА: Ronch_
[2026-05-03 03:45:10.054] [INFO] [MinecraftBot] Отправлено прощальное сообщение для Ronch_
[2026-05-03 03:45:13.498] [INFO] [MinecraftBot] ЗАЯВКА ОТ: Ronch_ — ПРИНИМАЕМ МГНОВЕННО!
[2026-05-03 03:45:13.521] [INFO] [MinecraftBot] ВОШЁЛ В КЛАН: Ronch_
[2026-05-03 03:45:15.036] [INFO] [MinecraftBot] Выдан ранг для Ronch_: &8⌜&e&l𐓏&8⌟ﾠ&#0b674d&lн&#0e6f50&lо&#127753&lʙ&#157f56&lᴇ&#198759&lн&#1c8e5b&lь&#1f965e&lᴋ&#239e61&lи&#26a664&lй
[2026-05-03 03:50:11.333] [SUCCESS] [MinecraftBot] База данных успешно инициализирована из schema.sql
[2026-05-03 03:50:11.335] [SUCCESS] [MinecraftBot] Модуль базы данных полностью загружен и готов к работе
[2026-05-03 03:50:11.337] [INFO] [MinecraftBot] ╔══════════════════════════════════════════╗
[2026-05-03 03:50:11.337] [INFO] [MinecraftBot] ║  MINECRAFT BOT — RESISTANCE CITY v5.0.0 ║
[2026-05-03 03:50:11.337] [INFO] [MinecraftBot] ╚══════════════════════════════════════════╝
[2026-05-03 03:50:11.338] [INFO] [MinecraftBot] Сервер: ru.dexland.org:25565
[2026-05-03 03:50:11.338] [INFO] [MinecraftBot] Основной бот: YT_FLATT807
[2026-05-03 03:50:11.338] [INFO] [MinecraftBot] Резервный бот: xxx_toper_xxx
[2026-05-03 03:50:11.338] [INFO] [MinecraftBot] Прокси: выключен
[2026-05-03 03:50:11.339] [INFO] [MinecraftBot] Инициализация основного бота: YT_FLATT807
[2026-05-03 03:50:11.390] [INFO] [MinecraftBot] Получено init-сообщение от оркестратора: {"type":"init","processName":"MinecraftBot","timestamp":"2026-05-03T00:50:11.094Z"}
[2026-05-03 03:50:11.505] [SUCCESS] [MinecraftBot] Основной бот YT_FLATT807 авторизован на сервере
[2026-05-03 03:50:11.736] [SUCCESS] [MinecraftBot] Все обработчики инициализированы
[2026-05-03 03:50:11.737] [SUCCESS] [MinecraftBot] Периодические задачи модерации запущены
[2026-05-03 03:50:11.737] [SUCCESS] [MinecraftBot] Модуль модерации инициализирован
[2026-05-03 03:50:11.750] [INFO] [MinecraftBot] Основной бот появился в мире
[2026-05-03 03:50:13.513] [INFO] [MinecraftBot] Основной бот: выполняем вход...
[2026-05-03 03:50:13.856] [SUCCESS] [MinecraftBot] Основной бот YT_FLATT807 авторизован на сервере
[2026-05-03 03:50:13.856] [SUCCESS] [MinecraftBot] Все обработчики инициализированы
[2026-05-03 03:50:13.907] [INFO] [MinecraftBot] Основной бот появился в мире
[2026-05-03 03:50:15.856] [INFO] [MinecraftBot] Основной бот: выполняем вход...
[2026-05-03 03:50:16.511] [INFO] [MinecraftBot] Основной бот: подключаемся к серверу клана...
[2026-05-03 03:50:18.868] [INFO] [MinecraftBot] Основной бот: подключаемся к серверу клана...
[2026-05-03 03:50:28.304] [WARN] [MinecraftBot] commandProcessor не инициализирован
[2026-05-03 03:50:29.859] [WARN] [MinecraftBot] commandProcessor не инициализирован
[2026-05-03 03:50:30.559] [WARN] [MinecraftBot] commandProcessor не инициализирован
[2026-05-03 03:52:00.293] [SUCCESS] [MinecraftBot] База данных успешно инициализирована из schema.sql
[2026-05-03 03:52:00.295] [SUCCESS] [MinecraftBot] Модуль базы данных полностью загружен и готов к работе
[2026-05-03 03:52:00.296] [INFO] [MinecraftBot] ╔══════════════════════════════════════════╗
[2026-05-03 03:52:00.297] [INFO] [MinecraftBot] ║  MINECRAFT BOT — RESISTANCE CITY v5.0.0 ║
[2026-05-03 03:52:00.297] [INFO] [MinecraftBot] ╚══════════════════════════════════════════╝
[2026-05-03 03:52:00.297] [INFO] [MinecraftBot] Сервер: ru.dexland.org:25565
[2026-05-03 03:52:00.297] [INFO] [MinecraftBot] Основной бот: YT_FLATT807
[2026-05-03 03:52:00.298] [INFO] [MinecraftBot] Резервный бот: xxx_toper_xxx
[2026-05-03 03:52:00.298] [INFO] [MinecraftBot] Прокси: выключен
[2026-05-03 03:52:00.298] [INFO] [MinecraftBot] Инициализация основного бота: YT_FLATT807
[2026-05-03 03:52:00.351] [INFO] [MinecraftBot] Получено init-сообщение от оркестратора: {"type":"init","processName":"MinecraftBot","timestamp":"2026-05-03T00:52:00.062Z"}
[2026-05-03 03:52:00.562] [SUCCESS] [MinecraftBot] Основной бот YT_FLATT807 авторизован на сервере
[2026-05-03 03:52:00.570] [ERROR] [MinecraftBot] КРИТИЧЕСКАЯ ошибка: commandProcessor is not defined
[2026-05-03 03:52:00.571] [ERROR] [MinecraftBot] ReferenceError: commandProcessor is not defined
    at initializeHandlers (C:\Users\Пользователь\Desktop\Projects\Resistance\Bots\ffff\src\minecraft\index.js:502:26)
    at EventEmitter.<anonymous> (C:\Users\Пользователь\Desktop\Projects\Resistance\Bots\ffff\src\minecraft\index.js:209:9)
    at EventEmitter.emit (node:events:530:35)
    at Client.<anonymous> (C:\Users\Пользователь\Desktop\Projects\Resistance\Bots\ffff\node_modules\mineflayer\lib\plugins\game.js:105:9)
    at Client.emit (node:events:530:35)
    at emitPacket (C:\Users\Пользователь\Desktop\Projects\Resistance\Bots\ffff\node_modules\minecraft-protocol\src\client.js:85:12)
    at FullPacketParser.<anonymous> (C:\Users\Пользователь\Desktop\Projects\Resistance\Bots\ffff\node_modules\minecraft-protocol\src\client.js:114:9)
    at FullPacketParser.emit (node:events:518:28)
    at addChunk (C:\Users\Пользователь\Desktop\Projects\Resistance\Bots\ffff\node_modules\readable-stream\lib\internal\streams\readable.js:323:12)
    at readableAddChunk (C:\Users\Пользователь\Desktop\Projects\Resistance\Bots\ffff\node_modules\readable-stream\lib\internal\streams\readable.js:300:9)
[2026-05-03 03:52:00.610] [INFO] [MinecraftBot] Основной бот появился в мире
[2026-05-03 03:52:02.575] [INFO] [MinecraftBot] Основной бот: выполняем вход...
[2026-05-03 03:52:02.903] [SUCCESS] [MinecraftBot] Основной бот YT_FLATT807 авторизован на сервере
[2026-05-03 03:52:02.903] [ERROR] [MinecraftBot] КРИТИЧЕСКАЯ ошибка: commandProcessor is not defined
[2026-05-03 03:52:02.904] [ERROR] [MinecraftBot] ReferenceError: commandProcessor is not defined
    at initializeHandlers (C:\Users\Пользователь\Desktop\Projects\Resistance\Bots\ffff\src\minecraft\index.js:502:26)
    at EventEmitter.<anonymous> (C:\Users\Пользователь\Desktop\Projects\Resistance\Bots\ffff\src\minecraft\index.js:209:9)
    at EventEmitter.emit (node:events:530:35)
    at Client.<anonymous> (C:\Users\Пользователь\Desktop\Projects\Resistance\Bots\ffff\node_modules\mineflayer\lib\plugins\game.js:105:9)
    at Client.emit (node:events:530:35)
    at emitPacket (C:\Users\Пользователь\Desktop\Projects\Resistance\Bots\ffff\node_modules\minecraft-protocol\src\client.js:85:12)
    at FullPacketParser.<anonymous> (C:\Users\Пользователь\Desktop\Projects\Resistance\Bots\ffff\node_modules\minecraft-protocol\src\client.js:114:9)
    at FullPacketParser.emit (node:events:518:28)
    at addChunk (C:\Users\Пользователь\Desktop\Projects\Resistance\Bots\ffff\node_modules\readable-stream\lib\internal\streams\readable.js:323:12)
    at readableAddChunk (C:\Users\Пользователь\Desktop\Projects\Resistance\Bots\ffff\node_modules\readable-stream\lib\internal\streams\readable.js:300:9)
[2026-05-03 03:52:02.951] [INFO] [MinecraftBot] Основной бот появился в мире
[2026-05-03 03:52:04.908] [INFO] [MinecraftBot] Основной бот: выполняем вход...
[2026-05-03 03:52:05.564] [INFO] [MinecraftBot] Основной бот: подключаемся к серверу клана...
[2026-05-03 03:52:07.917] [INFO] [MinecraftBot] Основной бот: подключаемся к серверу клана...
[2026-05-03 03:52:20.788] [WARN] [MinecraftBot] commandProcessor не инициализирован
[2026-05-03 03:54:00.437] [SUCCESS] [MinecraftBot] База данных успешно инициализирована из schema.sql
[2026-05-03 03:54:00.438] [SUCCESS] [MinecraftBot] Модуль базы данных полностью загружен и готов к работе
[2026-05-03 03:54:00.440] [INFO] [MinecraftBot] ╔══════════════════════════════════════════╗
[2026-05-03 03:54:00.441] [INFO] [MinecraftBot] ║  MINECRAFT BOT — RESISTANCE CITY v5.0.0 ║
[2026-05-03 03:54:00.441] [INFO] [MinecraftBot] ╚══════════════════════════════════════════╝
[2026-05-03 03:54:00.441] [INFO] [MinecraftBot] Сервер: ru.dexland.org:25565
[2026-05-03 03:54:00.442] [INFO] [MinecraftBot] Основной бот: YT_FLATT807
[2026-05-03 03:54:00.442] [INFO] [MinecraftBot] Резервный бот: xxx_toper_xxx
[2026-05-03 03:54:00.442] [INFO] [MinecraftBot] Прокси: выключен
[2026-05-03 03:54:00.443] [INFO] [MinecraftBot] Инициализация основного бота: YT_FLATT807
[2026-05-03 03:54:00.494] [INFO] [MinecraftBot] Получено init-сообщение от оркестратора: {"type":"init","processName":"MinecraftBot","timestamp":"2026-05-03T00:54:00.193Z"}
[2026-05-03 03:54:00.648] [SUCCESS] [MinecraftBot] Основной бот YT_FLATT807 авторизован на сервере
[2026-05-03 03:54:00.657] [SUCCESS] [MinecraftBot] Обработчики команд загружены
[2026-05-03 03:54:00.880] [SUCCESS] [MinecraftBot] Периодические задачи модерации запущены
[2026-05-03 03:54:00.880] [SUCCESS] [MinecraftBot] Модуль модерации инициализирован
[2026-05-03 03:54:00.881] [SUCCESS] [MinecraftBot] Все доступные обработчики инициализированы
[2026-05-03 03:54:00.895] [INFO] [MinecraftBot] Основной бот появился в мире
[2026-05-03 03:54:02.659] [INFO] [MinecraftBot] Основной бот: выполняем вход...
[2026-05-03 03:54:02.902] [SUCCESS] [MinecraftBot] Основной бот YT_FLATT807 авторизован на сервере
[2026-05-03 03:54:02.902] [SUCCESS] [MinecraftBot] Обработчики команд загружены
[2026-05-03 03:54:02.903] [SUCCESS] [MinecraftBot] Все доступные обработчики инициализированы
[2026-05-03 03:54:02.951] [INFO] [MinecraftBot] Основной бот появился в мире
[2026-05-03 03:54:04.918] [INFO] [MinecraftBot] Основной бот: выполняем вход...
[2026-05-03 03:54:05.648] [INFO] [MinecraftBot] Основной бот: подключаемся к серверу клана...
[2026-05-03 03:54:07.905] [INFO] [MinecraftBot] Основной бот: подключаемся к серверу клана...
[2026-05-03 03:54:15.758] [WARN] [MinecraftBot] commandProcessor не инициализирован
[2026-05-03 03:56:00.985] [SUCCESS] [MinecraftBot] База данных успешно инициализирована из schema.sql
[2026-05-03 03:56:00.987] [SUCCESS] [MinecraftBot] Модуль базы данных полностью загружен и готов к работе
[2026-05-03 03:56:00.989] [INFO] [MinecraftBot] ╔══════════════════════════════════════════╗
[2026-05-03 03:56:00.989] [INFO] [MinecraftBot] ║  MINECRAFT BOT — RESISTANCE CITY v5.0.0 ║
[2026-05-03 03:56:00.990] [INFO] [MinecraftBot] ╚══════════════════════════════════════════╝
[2026-05-03 03:56:00.990] [INFO] [MinecraftBot] Сервер: ru.dexland.org:25565
[2026-05-03 03:56:00.990] [INFO] [MinecraftBot] Основной бот: YT_FLATT807
[2026-05-03 03:56:00.990] [INFO] [MinecraftBot] Резервный бот: xxx_toper_xxx
[2026-05-03 03:56:00.991] [INFO] [MinecraftBot] Прокси: выключен
[2026-05-03 03:56:00.991] [INFO] [MinecraftBot] Инициализация основного бота: YT_FLATT807
[2026-05-03 03:56:01.040] [INFO] [MinecraftBot] Получено init-сообщение от оркестратора: {"type":"init","processName":"MinecraftBot","timestamp":"2026-05-03T00:56:00.752Z"}
[2026-05-03 03:56:01.158] [SUCCESS] [MinecraftBot] Основной бот YT_FLATT807 авторизован на сервере
[2026-05-03 03:56:01.159] [SUCCESS] [MinecraftBot] chatHandler загружен
[2026-05-03 03:56:01.166] [SUCCESS] [MinecraftBot] commandProcessor загружен, тип: object
[2026-05-03 03:56:01.167] [SUCCESS] [MinecraftBot] processCommand найден
[2026-05-03 03:56:01.390] [SUCCESS] [MinecraftBot] Периодические задачи модерации запущены
[2026-05-03 03:56:01.390] [SUCCESS] [MinecraftBot] Модуль модерации инициализирован
[2026-05-03 03:56:01.395] [SUCCESS] [MinecraftBot] Все доступные обработчики инициализированы
[2026-05-03 03:56:01.410] [INFO] [MinecraftBot] Основной бот появился в мире
[2026-05-03 03:56:03.165] [INFO] [MinecraftBot] Основной бот: выполняем вход...
[2026-05-03 03:56:03.499] [SUCCESS] [MinecraftBot] Основной бот YT_FLATT807 авторизован на сервере
[2026-05-03 03:56:03.499] [SUCCESS] [MinecraftBot] chatHandler загружен
[2026-05-03 03:56:03.500] [SUCCESS] [MinecraftBot] commandProcessor загружен, тип: object
[2026-05-03 03:56:03.500] [SUCCESS] [MinecraftBot] processCommand найден
[2026-05-03 03:56:03.500] [SUCCESS] [MinecraftBot] Все доступные обработчики инициализированы
[2026-05-03 03:56:03.564] [INFO] [MinecraftBot] Основной бот появился в мире
[2026-05-03 03:56:05.499] [INFO] [MinecraftBot] Основной бот: выполняем вход...
[2026-05-03 03:56:06.169] [INFO] [MinecraftBot] Основной бот: подключаемся к серверу клана...
[2026-05-03 03:56:08.504] [INFO] [MinecraftBot] Основной бот: подключаемся к серверу клана...
[2026-05-03 03:56:14.398] [WARN] [MinecraftBot] commandProcessor не инициализирован
[2026-05-03 03:58:06.398] [SUCCESS] [MinecraftBot] База данных успешно инициализирована из schema.sql
[2026-05-03 03:58:06.400] [SUCCESS] [MinecraftBot] Модуль базы данных полностью загружен и готов к работе
[2026-05-03 03:58:06.401] [INFO] [MinecraftBot] ╔══════════════════════════════════════════╗
[2026-05-03 03:58:06.402] [INFO] [MinecraftBot] ║  MINECRAFT BOT — RESISTANCE CITY v5.0.0 ║
[2026-05-03 03:58:06.402] [INFO] [MinecraftBot] ╚══════════════════════════════════════════╝
[2026-05-03 03:58:06.402] [INFO] [MinecraftBot] Сервер: ru.dexland.org:25565
[2026-05-03 03:58:06.402] [INFO] [MinecraftBot] Основной бот: YT_FLATT807
[2026-05-03 03:58:06.403] [INFO] [MinecraftBot] Резервный бот: xxx_toper_xxx
[2026-05-03 03:58:06.403] [INFO] [MinecraftBot] Прокси: выключен
[2026-05-03 03:58:06.403] [INFO] [MinecraftBot] Инициализация основного бота: YT_FLATT807
[2026-05-03 03:58:06.425] [INFO] [MinecraftBot] Получено init-сообщение от оркестратора: {"type":"init","processName":"MinecraftBot","timestamp":"2026-05-03T00:58:06.160Z"}
[2026-05-03 03:58:06.626] [SUCCESS] [MinecraftBot] Основной бот YT_FLATT807 авторизован на сервере
[2026-05-03 03:58:06.635] [SUCCESS] [MinecraftBot] chatHandler загружен
[2026-05-03 03:58:06.635] [SUCCESS] [MinecraftBot] commandProcessor загружен, тип: object
[2026-05-03 03:58:06.635] [SUCCESS] [MinecraftBot] processCommand найден
[2026-05-03 03:58:06.871] [SUCCESS] [MinecraftBot] Периодические задачи модерации запущены
[2026-05-03 03:58:06.872] [SUCCESS] [MinecraftBot] Модуль модерации инициализирован
[2026-05-03 03:58:06.872] [SUCCESS] [MinecraftBot] Все доступные обработчики инициализированы
[2026-05-03 03:58:06.887] [INFO] [MinecraftBot] Основной бот появился в мире
[2026-05-03 03:58:08.634] [INFO] [MinecraftBot] Основной бот: выполняем вход...
[2026-05-03 03:58:08.947] [SUCCESS] [MinecraftBot] Основной бот YT_FLATT807 авторизован на сервере
[2026-05-03 03:58:08.948] [SUCCESS] [MinecraftBot] chatHandler загружен
[2026-05-03 03:58:08.948] [SUCCESS] [MinecraftBot] commandProcessor загружен, тип: object
[2026-05-03 03:58:08.948] [SUCCESS] [MinecraftBot] processCommand найден
[2026-05-03 03:58:08.949] [SUCCESS] [MinecraftBot] Все доступные обработчики инициализированы
[2026-05-03 03:58:08.994] [INFO] [MinecraftBot] Основной бот появился в мире
[2026-05-03 03:58:10.947] [INFO] [MinecraftBot] Основной бот: выполняем вход...
[2026-05-03 03:58:11.636] [INFO] [MinecraftBot] Основной бот: подключаемся к серверу клана...
[2026-05-03 03:58:13.948] [INFO] [MinecraftBot] Основной бот: подключаемся к серверу клана...
[2026-05-03 03:59:48.571] [ERROR] [MinecraftBot] Необработанный Promise rejection: TypeError: utils.sleep is not a function
[2026-05-03 04:14:18.617] [SUCCESS] [MinecraftBot] База данных успешно инициализирована из schema.sql
[2026-05-03 04:14:18.619] [SUCCESS] [MinecraftBot] Модуль базы данных полностью загружен и готов к работе
[2026-05-03 04:14:18.620] [INFO] [MinecraftBot] ╔══════════════════════════════════════════╗
[2026-05-03 04:14:18.621] [INFO] [MinecraftBot] ║  MINECRAFT BOT — RESISTANCE CITY v5.0.0 ║
[2026-05-03 04:14:18.621] [INFO] [MinecraftBot] ╚══════════════════════════════════════════╝
[2026-05-03 04:14:18.621] [INFO] [MinecraftBot] Сервер: ru.dexland.org:25565
[2026-05-03 04:14:18.621] [INFO] [MinecraftBot] Основной бот: YT_FLATT807
[2026-05-03 04:14:18.622] [INFO] [MinecraftBot] Резервный бот: xxx_toper_xxx
[2026-05-03 04:14:18.622] [INFO] [MinecraftBot] Прокси: выключен
[2026-05-03 04:14:18.622] [INFO] [MinecraftBot] Инициализация основного бота: YT_FLATT807
[2026-05-03 04:14:18.673] [INFO] [MinecraftBot] Получено init-сообщение от оркестратора: {"type":"init","processName":"MinecraftBot","timestamp":"2026-05-03T01:14:18.376Z"}
[2026-05-03 04:14:18.808] [SUCCESS] [MinecraftBot] Основной бот YT_FLATT807 авторизован на сервере
[2026-05-03 04:14:18.816] [SUCCESS] [MinecraftBot] chatHandler загружен
[2026-05-03 04:14:18.816] [SUCCESS] [MinecraftBot] commandProcessor загружен, тип: object
[2026-05-03 04:14:18.817] [SUCCESS] [MinecraftBot] processCommand найден
[2026-05-03 04:14:19.052] [SUCCESS] [MinecraftBot] Периодические задачи модерации запущены
[2026-05-03 04:14:19.053] [SUCCESS] [MinecraftBot] Модуль модерации инициализирован
[2026-05-03 04:14:19.053] [SUCCESS] [MinecraftBot] Все доступные обработчики инициализированы
[2026-05-03 04:14:19.066] [INFO] [MinecraftBot] Основной бот появился в мире
[2026-05-03 04:14:20.819] [INFO] [MinecraftBot] Основной бот: выполняем вход...
[2026-05-03 04:14:21.132] [SUCCESS] [MinecraftBot] Основной бот YT_FLATT807 авторизован на сервере
[2026-05-03 04:14:21.133] [SUCCESS] [MinecraftBot] chatHandler загружен
[2026-05-03 04:14:21.133] [SUCCESS] [MinecraftBot] commandProcessor загружен, тип: object
[2026-05-03 04:14:21.133] [SUCCESS] [MinecraftBot] processCommand найден
[2026-05-03 04:14:21.134] [SUCCESS] [MinecraftBot] Все доступные обработчики инициализированы
[2026-05-03 04:14:21.180] [INFO] [MinecraftBot] Основной бот появился в мире
[2026-05-03 04:14:23.137] [INFO] [MinecraftBot] Основной бот: выполняем вход...
[2026-05-03 04:14:23.823] [INFO] [MinecraftBot] Основной бот: подключаемся к серверу клана...
[2026-05-03 04:14:26.140] [INFO] [MinecraftBot] Основной бот: подключаемся к серверу клана...
