[2026-05-03 03:33:44.460] [SUCCESS] [WebServer] База данных успешно инициализирована из schema.sql
[2026-05-03 03:33:44.462] [SUCCESS] [WebServer] Модуль базы данных полностью загружен и готов к работе
[2026-05-03 03:33:44.480] [SUCCESS] [WebServer] ╔══════════════════════════════════════════╗
[2026-05-03 03:33:44.480] [SUCCESS] [WebServer] ║  WEB SERVER — RESISTANCE CITY v5.0.0     ║
[2026-05-03 03:33:44.481] [SUCCESS] [WebServer] ╠══════════════════════════════════════════╣
[2026-05-03 03:33:44.481] [SUCCESS] [WebServer] ║  Адрес: http://0.0.0.0:3000              ║
[2026-05-03 03:33:44.482] [SUCCESS] [WebServer] ║  Режим: production                    ║
[2026-05-03 03:33:44.482] [SUCCESS] [WebServer] ╚══════════════════════════════════════════╝
[2026-05-03 03:33:44.483] [INFO] [WebServer] Получено init-сообщение от оркестратора
[2026-05-03 03:44:59.165] [SUCCESS] [WebServer] База данных успешно инициализирована из schema.sql
[2026-05-03 03:44:59.167] [SUCCESS] [WebServer] Модуль базы данных полностью загружен и готов к работе
[2026-05-03 03:44:59.182] [SUCCESS] [WebServer] ╔══════════════════════════════════════════╗
[2026-05-03 03:44:59.183] [SUCCESS] [WebServer] ║  WEB SERVER — RESISTANCE CITY v5.0.0     ║
[2026-05-03 03:44:59.183] [SUCCESS] [WebServer] ╠══════════════════════════════════════════╣
[2026-05-03 03:44:59.184] [SUCCESS] [WebServer] ║  Адрес: http://0.0.0.0:3000              ║
[2026-05-03 03:44:59.184] [SUCCESS] [WebServer] ║  Режим: production                    ║
[2026-05-03 03:44:59.184] [SUCCESS] [WebServer] ╚══════════════════════════════════════════╝
[2026-05-03 03:44:59.185] [INFO] [WebServer] Получено init-сообщение от оркестратора
[2026-05-03 03:50:13.209] [SUCCESS] [WebServer] База данных успешно инициализирована из schema.sql
[2026-05-03 03:50:13.211] [SUCCESS] [WebServer] Модуль базы данных полностью загружен и готов к работе
[2026-05-03 03:50:13.226] [SUCCESS] [WebServer] ╔══════════════════════════════════════════╗
[2026-05-03 03:50:13.227] [SUCCESS] [WebServer] ║  WEB SERVER — RESISTANCE CITY v5.0.0     ║
[2026-05-03 03:50:13.227] [SUCCESS] [WebServer] ╠══════════════════════════════════════════╣
[2026-05-03 03:50:13.227] [SUCCESS] [WebServer] ║  Адрес: http://0.0.0.0:3000              ║
[2026-05-03 03:50:13.228] [SUCCESS] [WebServer] ║  Режим: production                    ║
[2026-05-03 03:50:13.228] [SUCCESS] [WebServer] ╚══════════════════════════════════════════╝
[2026-05-03 03:50:13.229] [INFO] [WebServer] Получено init-сообщение от оркестратора
[2026-05-03 03:52:02.157] [SUCCESS] [WebServer] База данных успешно инициализирована из schema.sql
[2026-05-03 03:52:02.159] [SUCCESS] [WebServer] Модуль базы данных полностью загружен и готов к работе
[2026-05-03 03:52:02.174] [SUCCESS] [WebServer] ╔══════════════════════════════════════════╗
[2026-05-03 03:52:02.174] [SUCCESS] [WebServer] ║  WEB SERVER — RESISTANCE CITY v5.0.0     ║
[2026-05-03 03:52:02.175] [SUCCESS] [WebServer] ╠══════════════════════════════════════════╣
[2026-05-03 03:52:02.175] [SUCCESS] [WebServer] ║  Адрес: http://0.0.0.0:3000              ║
[2026-05-03 03:52:02.175] [SUCCESS] [WebServer] ║  Режим: production                    ║
[2026-05-03 03:52:02.176] [SUCCESS] [WebServer] ╚══════════════════════════════════════════╝
[2026-05-03 03:52:02.177] [INFO] [WebServer] Получено init-сообщение от оркестратора
[2026-05-03 03:54:02.298] [SUCCESS] [WebServer] База данных успешно инициализирована из schema.sql
[2026-05-03 03:54:02.300] [SUCCESS] [WebServer] Модуль базы данных полностью загружен и готов к работе
[2026-05-03 03:54:02.314] [SUCCESS] [WebServer] ╔══════════════════════════════════════════╗
[2026-05-03 03:54:02.315] [SUCCESS] [WebServer] ║  WEB SERVER — RESISTANCE CITY v5.0.0     ║
[2026-05-03 03:54:02.315] [SUCCESS] [WebServer] ╠══════════════════════════════════════════╣
[2026-05-03 03:54:02.316] [SUCCESS] [WebServer] ║  Адрес: http://0.0.0.0:3000              ║
[2026-05-03 03:54:02.316] [SUCCESS] [WebServer] ║  Режим: production                    ║
[2026-05-03 03:54:02.316] [SUCCESS] [WebServer] ╚══════════════════════════════════════════╝
[2026-05-03 03:54:02.317] [INFO] [WebServer] Получено init-сообщение от оркестратора
[2026-05-03 03:56:02.856] [SUCCESS] [WebServer] База данных успешно инициализирована из schema.sql
[2026-05-03 03:56:02.857] [SUCCESS] [WebServer] Модуль базы данных полностью загружен и готов к работе
[2026-05-03 03:56:02.872] [SUCCESS] [WebServer] ╔══════════════════════════════════════════╗
[2026-05-03 03:56:02.872] [SUCCESS] [WebServer] ║  WEB SERVER — RESISTANCE CITY v5.0.0     ║
[2026-05-03 03:56:02.873] [SUCCESS] [WebServer] ╠══════════════════════════════════════════╣
[2026-05-03 03:56:02.873] [SUCCESS] [WebServer] ║  Адрес: http://0.0.0.0:3000              ║
[2026-05-03 03:56:02.873] [SUCCESS] [WebServer] ║  Режим: production                    ║
[2026-05-03 03:56:02.874] [SUCCESS] [WebServer] ╚══════════════════════════════════════════╝
[2026-05-03 03:56:02.875] [INFO] [WebServer] Получено init-сообщение от оркестратора
[2026-05-03 03:58:08.280] [SUCCESS] [WebServer] База данных успешно инициализирована из schema.sql
[2026-05-03 03:58:08.282] [SUCCESS] [WebServer] Модуль базы данных полностью загружен и готов к работе
[2026-05-03 03:58:08.297] [SUCCESS] [WebServer] ╔══════════════════════════════════════════╗
[2026-05-03 03:58:08.298] [SUCCESS] [WebServer] ║  WEB SERVER — RESISTANCE CITY v5.0.0     ║
[2026-05-03 03:58:08.298] [SUCCESS] [WebServer] ╠══════════════════════════════════════════╣
[2026-05-03 03:58:08.299] [SUCCESS] [WebServer] ║  Адрес: http://0.0.0.0:3000              ║
[2026-05-03 03:58:08.299] [SUCCESS] [WebServer] ║  Режим: production                    ║
[2026-05-03 03:58:08.299] [SUCCESS] [WebServer] ╚══════════════════════════════════════════╝
[2026-05-03 03:58:08.300] [INFO] [WebServer] Получено init-сообщение от оркестратора
[2026-05-03 04:14:20.482] [SUCCESS] [WebServer] База данных успешно инициализирована из schema.sql
[2026-05-03 04:14:20.485] [SUCCESS] [WebServer] Модуль базы данных полностью загружен и готов к работе
[2026-05-03 04:14:20.501] [SUCCESS] [WebServer] ╔══════════════════════════════════════════╗
[2026-05-03 04:14:20.501] [SUCCESS] [WebServer] ║  WEB SERVER — RESISTANCE CITY v5.0.0     ║
[2026-05-03 04:14:20.502] [SUCCESS] [WebServer] ╠══════════════════════════════════════════╣
[2026-05-03 04:14:20.502] [SUCCESS] [WebServer] ║  Адрес: http://0.0.0.0:3000              ║
[2026-05-03 04:14:20.503] [SUCCESS] [WebServer] ║  Режим: production                    ║
[2026-05-03 04:14:20.503] [SUCCESS] [WebServer] ╚══════════════════════════════════════════╝
[2026-05-03 04:14:20.504] [INFO] [WebServer] Получено init-сообщение от оркестратора
