[2026-05-04 06:35:41.301] [SUCCESS] [WebServer] База данных успешно инициализирована из schema.sql
[2026-05-04 06:35:41.302] [SUCCESS] [WebServer] Модуль базы данных полностью загружен и готов к работе
[2026-05-04 06:35:41.319] [SUCCESS] [WebServer] ╔══════════════════════════════════════════╗
[2026-05-04 06:35:41.320] [SUCCESS] [WebServer] ║  WEB SERVER — RESISTANCE CITY v5.0.0     ║
[2026-05-04 06:35:41.320] [SUCCESS] [WebServer] ╠══════════════════════════════════════════╣
[2026-05-04 06:35:41.321] [SUCCESS] [WebServer] ║  Адрес: http://0.0.0.0:3000              ║
[2026-05-04 06:35:41.321] [SUCCESS] [WebServer] ║  Режим: production                    ║
[2026-05-04 06:35:41.322] [SUCCESS] [WebServer] ╚══════════════════════════════════════════╝
[2026-05-04 06:35:41.322] [INFO] [WebServer] Получено init-сообщение от оркестратора
[2026-05-04 06:40:48.497] [SUCCESS] [WebServer] База данных успешно инициализирована из schema.sql
[2026-05-04 06:40:48.499] [SUCCESS] [WebServer] Модуль базы данных полностью загружен и готов к работе
[2026-05-04 06:40:48.514] [SUCCESS] [WebServer] ╔══════════════════════════════════════════╗
[2026-05-04 06:40:48.515] [SUCCESS] [WebServer] ║  WEB SERVER — RESISTANCE CITY v5.0.0     ║
[2026-05-04 06:40:48.515] [SUCCESS] [WebServer] ╠══════════════════════════════════════════╣
[2026-05-04 06:40:48.516] [SUCCESS] [WebServer] ║  Адрес: http://0.0.0.0:3000              ║
[2026-05-04 06:40:48.516] [SUCCESS] [WebServer] ║  Режим: production                    ║
[2026-05-04 06:40:48.516] [SUCCESS] [WebServer] ╚══════════════════════════════════════════╝
[2026-05-04 06:40:48.517] [INFO] [WebServer] Получено init-сообщение от оркестратора
[2026-05-04 06:42:57.205] [SUCCESS] [WebServer] База данных успешно инициализирована из schema.sql
[2026-05-04 06:42:57.207] [SUCCESS] [WebServer] Модуль базы данных полностью загружен и готов к работе
[2026-05-04 06:42:57.221] [SUCCESS] [WebServer] ╔══════════════════════════════════════════╗
[2026-05-04 06:42:57.222] [SUCCESS] [WebServer] ║  WEB SERVER — RESISTANCE CITY v5.0.0     ║
[2026-05-04 06:42:57.222] [SUCCESS] [WebServer] ╠══════════════════════════════════════════╣
[2026-05-04 06:42:57.222] [SUCCESS] [WebServer] ║  Адрес: http://0.0.0.0:3000              ║
[2026-05-04 06:42:57.223] [SUCCESS] [WebServer] ║  Режим: production                    ║
[2026-05-04 06:42:57.223] [SUCCESS] [WebServer] ╚══════════════════════════════════════════╝
[2026-05-04 06:42:57.224] [INFO] [WebServer] Получено init-сообщение от оркестратора
[2026-05-04 06:44:23.157] [SUCCESS] [WebServer] База данных успешно инициализирована из schema.sql
[2026-05-04 06:44:23.158] [SUCCESS] [WebServer] Модуль базы данных полностью загружен и готов к работе
[2026-05-04 06:44:23.173] [SUCCESS] [WebServer] ╔══════════════════════════════════════════╗
[2026-05-04 06:44:23.173] [SUCCESS] [WebServer] ║  WEB SERVER — RESISTANCE CITY v5.0.0     ║
[2026-05-04 06:44:23.174] [SUCCESS] [WebServer] ╠══════════════════════════════════════════╣
[2026-05-04 06:44:23.174] [SUCCESS] [WebServer] ║  Адрес: http://0.0.0.0:3000              ║
[2026-05-04 06:44:23.174] [SUCCESS] [WebServer] ║  Режим: production                    ║
[2026-05-04 06:44:23.175] [SUCCESS] [WebServer] ╚══════════════════════════════════════════╝
[2026-05-04 06:44:23.176] [INFO] [WebServer] Получено init-сообщение от оркестратора
[2026-05-04 06:49:40.473] [SUCCESS] [WebServer] База данных успешно инициализирована из schema.sql
[2026-05-04 06:49:40.475] [SUCCESS] [WebServer] Модуль базы данных полностью загружен и готов к работе
[2026-05-04 06:49:40.492] [SUCCESS] [WebServer] ╔══════════════════════════════════════════╗
[2026-05-04 06:49:40.492] [SUCCESS] [WebServer] ║  WEB SERVER — RESISTANCE CITY v5.0.0     ║
[2026-05-04 06:49:40.493] [SUCCESS] [WebServer] ╠══════════════════════════════════════════╣
[2026-05-04 06:49:40.493] [SUCCESS] [WebServer] ║  Адрес: http://0.0.0.0:3000              ║
[2026-05-04 06:49:40.493] [SUCCESS] [WebServer] ║  Режим: production                    ║
[2026-05-04 06:49:40.493] [SUCCESS] [WebServer] ╚══════════════════════════════════════════╝
[2026-05-04 06:49:40.494] [INFO] [WebServer] Получено init-сообщение от оркестратора
